<?xml version="1.0" encoding="UTF-8"?>
<!-- Generated by org.testng.reporters.JUnitReportReporter -->
<testsuite hostname="DESKTOP-HIN4ESK" failures="0" tests="2" name="TestPackage.Logintest" time="1.161" errors="0" timestamp="2024-08-12T21:25:47 IST" skipped="0">
  <testcase classname="TestPackage.Logintest" name="logititlecheck" time="0.020"/>
  <system-out/>
  <testcase classname="TestPackage.Logintest" name="login" time="1.141"/>
  <system-out/>
</testsuite> <!-- TestPackage.Logintest -->
